[0.713s] DEBUG:colcon:Command line arguments: ['/usr/bin/colcon', 'build']
[0.714s] DEBUG:colcon:Parsed command line arguments: Namespace(log_base=None, log_level=None, verb_name='build', build_base='build', install_base='install', merge_install=False, symlink_install=False, test_result_base=None, continue_on_error=False, executor='parallel', parallel_workers=8, event_handlers=None, ignore_user_meta=False, metas=['./colcon.meta'], base_paths=['.'], packages_ignore=None, packages_ignore_regex=None, paths=None, packages_up_to=None, packages_up_to_regex=None, packages_above=None, packages_above_and_dependencies=None, packages_above_depth=None, packages_select_by_dep=None, packages_skip_by_dep=None, packages_skip_up_to=None, packages_select_build_failed=False, packages_skip_build_finished=False, packages_select_test_failures=False, packages_skip_test_passed=False, packages_select=None, packages_skip=None, packages_select_regex=None, packages_skip_regex=None, packages_start=None, packages_end=None, allow_overriding=[], cmake_args=None, cmake_target=None, cmake_target_skip_unavailable=False, cmake_clean_cache=False, cmake_clean_first=False, cmake_force_configure=False, ament_cmake_args=None, catkin_cmake_args=None, catkin_skip_building_tests=False, mixin_files=None, mixin=None, verb_parser=<colcon_mixin.mixin.mixin_argument.MixinArgumentDecorator object at 0x77a3b41d6c50>, verb_extension=<colcon_core.verb.build.BuildVerb object at 0x77a3b4367400>, main=<bound method BuildVerb.main of <colcon_core.verb.build.BuildVerb object at 0x77a3b4367400>>, mixin_verb=('build',))
[1.882s] Level 1:colcon.colcon_core.package_discovery:discover_packages(colcon_meta) check parameters
[1.882s] Level 1:colcon.colcon_core.package_discovery:discover_packages(recursive) check parameters
[1.882s] Level 1:colcon.colcon_core.package_discovery:discover_packages(ignore) check parameters
[1.882s] Level 1:colcon.colcon_core.package_discovery:discover_packages(path) check parameters
[1.883s] Level 1:colcon.colcon_core.package_discovery:discover_packages(colcon_meta) discover
[1.883s] Level 1:colcon.colcon_core.package_discovery:discover_packages(recursive) discover
[1.883s] INFO:colcon.colcon_core.package_discovery:Crawling recursively for packages in '/home/aa274/autonomy_ws/src/cs237a-lab-1/autonomy_repo/scripts'
[1.883s] Level 1:colcon.colcon_core.package_identification:_identify(.) by extensions ['ignore', 'ignore_ament_install']
[1.884s] Level 1:colcon.colcon_core.package_identification:_identify(.) by extension 'ignore'
[1.885s] Level 1:colcon.colcon_core.package_identification:_identify(.) by extension 'ignore_ament_install'
[1.885s] Level 1:colcon.colcon_core.package_identification:_identify(.) by extensions ['colcon_pkg']
[1.885s] Level 1:colcon.colcon_core.package_identification:_identify(.) by extension 'colcon_pkg'
[1.886s] Level 1:colcon.colcon_core.package_identification:_identify(.) by extensions ['colcon_meta']
[1.886s] Level 1:colcon.colcon_core.package_identification:_identify(.) by extension 'colcon_meta'
[1.886s] Level 1:colcon.colcon_core.package_identification:_identify(.) by extensions ['ros']
[1.887s] Level 1:colcon.colcon_core.package_identification:_identify(.) by extension 'ros'
[1.944s] Level 1:colcon.colcon_core.package_identification:_identify(.) by extensions ['cmake', 'python']
[1.944s] Level 1:colcon.colcon_core.package_identification:_identify(.) by extension 'cmake'
[1.945s] Level 1:colcon.colcon_core.package_identification:_identify(.) by extension 'python'
[1.945s] Level 1:colcon.colcon_core.package_identification:_identify(.) by extensions ['python_setup_py']
[1.945s] Level 1:colcon.colcon_core.package_identification:_identify(.) by extension 'python_setup_py'
[1.946s] Level 1:colcon.colcon_core.package_identification:_identify(build) by extensions ['ignore', 'ignore_ament_install']
[1.946s] Level 1:colcon.colcon_core.package_identification:_identify(build) by extension 'ignore'
[1.947s] Level 1:colcon.colcon_core.package_identification:_identify(build) ignored
[1.948s] Level 1:colcon.colcon_core.package_identification:_identify(install) by extensions ['ignore', 'ignore_ament_install']
[1.948s] Level 1:colcon.colcon_core.package_identification:_identify(install) by extension 'ignore'
[1.948s] Level 1:colcon.colcon_core.package_identification:_identify(install) ignored
[1.949s] Level 1:colcon.colcon_core.package_identification:_identify(log) by extensions ['ignore', 'ignore_ament_install']
[1.949s] Level 1:colcon.colcon_core.package_identification:_identify(log) by extension 'ignore'
[1.949s] Level 1:colcon.colcon_core.package_identification:_identify(log) ignored
[1.949s] Level 1:colcon.colcon_core.package_discovery:discover_packages(recursive) using defaults
[1.950s] Level 1:colcon.colcon_core.package_discovery:discover_packages(ignore) discover
[1.950s] Level 1:colcon.colcon_core.package_discovery:discover_packages(ignore) using defaults
[1.950s] Level 1:colcon.colcon_core.package_discovery:discover_packages(path) discover
[1.950s] Level 1:colcon.colcon_core.package_discovery:discover_packages(path) using defaults
[2.091s] Level 1:colcon.colcon_core.package_discovery:discover_packages(prefix_path) check parameters
[2.091s] Level 1:colcon.colcon_core.package_discovery:discover_packages(prefix_path) discover
[2.102s] DEBUG:colcon.colcon_installed_package_information.package_discovery:Found 3 installed packages in /home/aa274/autonomy_ws/install
[2.107s] DEBUG:colcon.colcon_installed_package_information.package_discovery:Found 18 installed packages in /home/aa274/tb_ws/install
[2.113s] DEBUG:colcon.colcon_installed_package_information.package_discovery:Found 299 installed packages in /opt/ros/humble
[2.119s] Level 1:colcon.colcon_core.package_discovery:discover_packages(prefix_path) using defaults
[2.398s] INFO:colcon.colcon_core.executor:Executing jobs using 'parallel' executor
[2.403s] DEBUG:colcon.colcon_parallel_executor.executor.parallel:run_until_complete
[2.403s] DEBUG:colcon.colcon_parallel_executor.executor.parallel:closing loop
[2.403s] DEBUG:colcon.colcon_parallel_executor.executor.parallel:loop closed
[2.403s] DEBUG:colcon.colcon_parallel_executor.executor.parallel:run_until_complete finished with '0'
[2.404s] DEBUG:colcon.colcon_core.event_reactor:joining thread
[2.431s] INFO:colcon.colcon_core.plugin_system:Skipping extension 'colcon_notification.desktop_notification.terminal_notifier': Not used on non-Darwin systems
[2.432s] INFO:colcon.colcon_core.plugin_system:Skipping extension 'colcon_notification.desktop_notification.win32': Not used on non-Windows systems
[2.432s] INFO:colcon.colcon_notification.desktop_notification:Sending desktop notification using 'notify2'
[2.481s] DEBUG:colcon.colcon_core.event_reactor:joined thread
[2.497s] INFO:colcon.colcon_core.plugin_system:Skipping extension 'colcon_core.shell.bat': Not used on non-Windows systems
[2.497s] INFO:colcon.colcon_core.shell:Creating prefix script '/home/aa274/autonomy_ws/src/cs237a-lab-1/autonomy_repo/scripts/install/local_setup.ps1'
[2.506s] INFO:colcon.colcon_core.shell:Creating prefix util module '/home/aa274/autonomy_ws/src/cs237a-lab-1/autonomy_repo/scripts/install/_local_setup_util_ps1.py'
[2.515s] INFO:colcon.colcon_core.shell:Creating prefix chain script '/home/aa274/autonomy_ws/src/cs237a-lab-1/autonomy_repo/scripts/install/setup.ps1'
[2.522s] INFO:colcon.colcon_core.shell:Creating prefix script '/home/aa274/autonomy_ws/src/cs237a-lab-1/autonomy_repo/scripts/install/local_setup.sh'
[2.525s] INFO:colcon.colcon_core.shell:Creating prefix util module '/home/aa274/autonomy_ws/src/cs237a-lab-1/autonomy_repo/scripts/install/_local_setup_util_sh.py'
[2.528s] INFO:colcon.colcon_core.shell:Creating prefix chain script '/home/aa274/autonomy_ws/src/cs237a-lab-1/autonomy_repo/scripts/install/setup.sh'
[2.537s] INFO:colcon.colcon_core.shell:Creating prefix script '/home/aa274/autonomy_ws/src/cs237a-lab-1/autonomy_repo/scripts/install/local_setup.bash'
[2.542s] INFO:colcon.colcon_core.shell:Creating prefix chain script '/home/aa274/autonomy_ws/src/cs237a-lab-1/autonomy_repo/scripts/install/setup.bash'
[2.554s] INFO:colcon.colcon_core.shell:Creating prefix script '/home/aa274/autonomy_ws/src/cs237a-lab-1/autonomy_repo/scripts/install/local_setup.zsh'
[2.560s] INFO:colcon.colcon_core.shell:Creating prefix chain script '/home/aa274/autonomy_ws/src/cs237a-lab-1/autonomy_repo/scripts/install/setup.zsh'
